Writing training job pid to /opt/ml/training_worker.pid: 55
Training Worker Args: Namespace(aws_region='us-east-1', checkpoint_dir='./checkpoint_sagemaker', environment_s3_key=None, framework='tensorflow', model_metadata_s3_key='s3://aws-deepracer-data-us-east-1-1/data-b2bb58d5-8e31-44ac-9bd1-48a4358b0d50/models/802ec0f9-f0c0-4eb7-9087-dcb5ca3826a0/model_metadata.json', preset_s3_key=None, pretrained_checkpoint_dir='./pretrained_checkpoint_sagemaker', pretrained_s3_bucket=None, pretrained_s3_prefix='sagemaker', s3_bucket='aws-deepracer-data-us-east-1-1', s3_prefix='data-b2bb58d5-8e31-44ac-9bd1-48a4358b0d50/models/802ec0f9-f0c0-4eb7-9087-dcb5ca3826a0/sagemaker-robomaker-artifacts/')
[s3] Successfully downloaded model metadata                  from s3 key data-b2bb58d5-8e31-44ac-9bd1-48a4358b0d50/models/802ec0f9-f0c0-4eb7-9087-dcb5ca3826a0/model_metadata.json to local ./custom_files/agent/model_metadata.json.
Sensor list ['FRONT_FACING_CAMERA'], network DEEP_CONVOLUTIONAL_NETWORK_SHALLOW, simapp_version 5.0, training_algorithm clipped_ppo, action_space_type continuous lidar_config {'num_sectors': 8, 'num_values_per_sector': 8, 'clipping_dist': 2.0}
Action space from file: {'steering_angle': {'high': 30.0, 'low': -30.0}, 'speed': {'high': 2.0, 'low': 0.5}}
Using the following hyper-parameters
{
  "batch_size": 64,
  "beta_entropy": 0.01,
  "discount_factor": 0.999,
  "e_greedy_value": 1.0,
  "epsilon_steps": 10000,
  "exploration_type": "categorical",
  "loss_type": "huber",
  "lr": 0.0003,
  "num_episodes_between_training": 20,
  "num_epochs": 10,
  "stack_size": 1,
  "term_cond_avg_score": 100000.0,
  "term_cond_max_episodes": 100000
}
[s3] Successfully uploaded hyperparameters to                  s3 bucket aws-deepracer-data-us-east-1-1 with s3 key data-b2bb58d5-8e31-44ac-9bd1-48a4358b0d50/models/802ec0f9-f0c0-4eb7-9087-dcb5ca3826a0/sagemaker-robomaker-artifacts/ip/hyperparameters.json.
Hostname: ip-10-2-192-10.ec2.internal
[s3] Successfully uploaded ip address to                  s3 bucket aws-deepracer-data-us-east-1-1 with s3 key data-b2bb58d5-8e31-44ac-9bd1-48a4358b0d50/models/802ec0f9-f0c0-4eb7-9087-dcb5ca3826a0/sagemaker-robomaker-artifacts/ip/ip.json.
[s3] Successfully uploaded ip done to                  s3 bucket aws-deepracer-data-us-east-1-1 with s3 key data-b2bb58d5-8e31-44ac-9bd1-48a4358b0d50/models/802ec0f9-f0c0-4eb7-9087-dcb5ca3826a0/sagemaker-robomaker-artifacts/ip/done.
## Creating graph - name: MultiAgentGraphManager
## Start physics before creating graph
## Create graph
## Creating agent - name: agent
[RL] Created agent loggers
[RL] Dynamic import of memory:  "DeepRacerMemoryParameters" {
    "load_memory_from_file_path": null,
    "max_size": [
        "<MemoryGranularity.Transitions: 0>",
        1000000
    ],
    "n_step": -1,
    "shared_memory": false,
    "train_to_eval_ratio": 1
}
[RL] Dynamically imported of memory <markov.memories.deepracer_memory.DeepRacerMemory object at 0x7f7f83f402b0>
[RL] Setting devices
[RL] Setting filters
[RL] Setting filter devices: numpy
[RL] Setting Phase
[RL] After setting Phase
[RL] Setting signals
[RL] Agent init successful
[RL] ActorCriticAgent init
[RL] ActorCriticAgent  init successful
## Created agent: agent
WARNING:tensorflow:From /root/anaconda/envs/sagemaker_env/lib/python3.6/site-packages/rl_coach/architectures/tensorflow_components/heads/ppo_head.py:146: MultivariateNormalDiag.__init__ (from tensorflow.contrib.distributions.python.ops.mvn_diag) is deprecated and will be removed after 2018-10-01.
Instructions for updating:
The TensorFlow Distributions library has moved to TensorFlow Probability (https://github.com/tensorflow/probability). You should update all references to use `tfp.distributions` instead of `tf.contrib.distributions`.
WARNING:tensorflow:From /root/anaconda/envs/sagemaker_env/lib/python3.6/site-packages/tensorflow/contrib/distributions/python/ops/mvn_diag.py:223: MultivariateNormalLinearOperator.__init__ (from tensorflow.contrib.distributions.python.ops.mvn_linear_operator) is deprecated and will be removed after 2018-10-01.
Instructions for updating:
The TensorFlow Distributions library has moved to TensorFlow Probability (https://github.com/tensorflow/probability). You should update all references to use `tfp.distributions` instead of `tf.contrib.distributions`.
WARNING:tensorflow:From /root/anaconda/envs/sagemaker_env/lib/python3.6/site-packages/tensorflow/contrib/distributions/python/ops/mvn_linear_operator.py:200: AffineLinearOperator.__init__ (from tensorflow.contrib.distributions.python.ops.bijectors.affine_linear_operator) is deprecated and will be removed after 2018-10-01.
Instructions for updating:
The TensorFlow Distributions library has moved to TensorFlow Probability (https://github.com/tensorflow/probability). You should update all references to use `tfp.distributions` instead of `tf.contrib.distributions`.
WARNING:tensorflow:From /root/anaconda/envs/sagemaker_env/lib/python3.6/site-packages/tensorflow/contrib/distributions/python/ops/bijectors/affine_linear_operator.py:158: _DistributionShape.__init__ (from tensorflow.contrib.distributions.python.ops.shape) is deprecated and will be removed after 2018-10-01.
Instructions for updating:
The TensorFlow Distributions library has moved to TensorFlow Probability (https://github.com/tensorflow/probability). You should update all references to use `tfp.distributions` instead of `tf.contrib.distributions`.
WARNING:tensorflow:From /root/anaconda/envs/sagemaker_env/lib/python3.6/site-packages/tensorflow/python/ops/distributions/kullback_leibler.py:98: _kl_brute_force (from tensorflow.contrib.distributions.python.ops.mvn_linear_operator) is deprecated and will be removed after 2018-10-01.
Instructions for updating:
The TensorFlow Distributions library has moved to TensorFlow Probability (https://github.com/tensorflow/probability). You should update all references to use `tfp.distributions` instead of `tf.contrib.distributions`.
## Stop physics after creating graph
## Creating session
2023-09-12 05:22:47.249168: I tensorflow/core/platform/cpu_feature_guard.cc:141] Your CPU supports instructions that this TensorFlow binary was not compiled to use: AVX2 AVX512F FMA
INFO:tensorflow:./checkpoint_sagemaker/agent/0_Step-0.ckpt is not in all_model_checkpoint_paths. Manually adding it.
Checkpoint> Saving in path=['./checkpoint_sagemaker/agent/0_Step-0.ckpt']
[s3] Successfully uploaded .lock to                      s3 bucket aws-deepracer-data-us-east-1-1 with s3 key data-b2bb58d5-8e31-44ac-9bd1-48a4358b0d50/models/802ec0f9-f0c0-4eb7-9087-dcb5ca3826a0/sagemaker-robomaker-artifacts/model/.lock.
Uploaded 3 files for checkpoint 0
[s3] Successfully uploaded coach checkpoint to                   s3 bucket aws-deepracer-data-us-east-1-1 with s3 key data-b2bb58d5-8e31-44ac-9bd1-48a4358b0d50/models/802ec0f9-f0c0-4eb7-9087-dcb5ca3826a0/sagemaker-robomaker-artifacts/model/.coach_checkpoint.
Unable to find deepracer checkpoint json
Unable to find the best deepracer checkpoint number. Getting the last checkpoint number
Unable to find deepracer checkpoint json
Unable to find the last deepracer checkpoint number.
Unable to find deepracer checkpoint json
Unable to find the last deepracer checkpoint number.
INFO:tensorflow:Froze 11 variables.
INFO:tensorflow:Converted 11 variables to const ops.
saved intermediate frozen graph: data-b2bb58d5-8e31-44ac-9bd1-48a4358b0d50/models/802ec0f9-f0c0-4eb7-9087-dcb5ca3826a0/sagemaker-robomaker-artifacts/model/model_0.pb
Best checkpoint number: -1, Last checkpoint number: -1
Copying the frozen checkpoint from ./frozen_models/agent/model_0.pb to /opt/ml/model/agent/model.pb.
Unable to find deepracer checkpoint json
[s3] Successfully uploaded .lock to                      s3 bucket aws-deepracer-data-us-east-1-1 with s3 key data-b2bb58d5-8e31-44ac-9bd1-48a4358b0d50/models/802ec0f9-f0c0-4eb7-9087-dcb5ca3826a0/sagemaker-robomaker-artifacts/model/.lock.
[s3] Successfully uploaded .ready to                      s3 bucket aws-deepracer-data-us-east-1-1 with s3 key data-b2bb58d5-8e31-44ac-9bd1-48a4358b0d50/models/802ec0f9-f0c0-4eb7-9087-dcb5ca3826a0/sagemaker-robomaker-artifacts/model/.ready.
DoorMan: installing SIGINT, SIGTERM
Training> Name=main_level/agent, Worker=0, Episode=1, Total reward=0, Steps=22, Training iteration=0
Training> Name=main_level/agent, Worker=0, Episode=2, Total reward=0, Steps=43, Training iteration=0
Training> Name=main_level/agent, Worker=0, Episode=3, Total reward=0, Steps=73, Training iteration=0
Training> Name=main_level/agent, Worker=0, Episode=4, Total reward=0, Steps=107, Training iteration=0
Training> Name=main_level/agent, Worker=0, Episode=5, Total reward=0, Steps=129, Training iteration=0
Training> Name=main_level/agent, Worker=0, Episode=6, Total reward=0, Steps=155, Training iteration=0
Training> Name=main_level/agent, Worker=0, Episode=7, Total reward=0, Steps=194, Training iteration=0
Training> Name=main_level/agent, Worker=0, Episode=8, Total reward=0, Steps=240, Training iteration=0
Training> Name=main_level/agent, Worker=0, Episode=9, Total reward=0, Steps=305, Training iteration=0
Training> Name=main_level/agent, Worker=0, Episode=10, Total reward=0, Steps=338, Training iteration=0
Training> Name=main_level/agent, Worker=0, Episode=11, Total reward=0, Steps=361, Training iteration=0
Training> Name=main_level/agent, Worker=0, Episode=12, Total reward=0, Steps=397, Training iteration=0
Training> Name=main_level/agent, Worker=0, Episode=13, Total reward=0, Steps=419, Training iteration=0
Training> Name=main_level/agent, Worker=0, Episode=14, Total reward=0, Steps=440, Training iteration=0
Training> Name=main_level/agent, Worker=0, Episode=15, Total reward=0, Steps=467, Training iteration=0
Training> Name=main_level/agent, Worker=0, Episode=16, Total reward=0, Steps=488, Training iteration=0
Training> Name=main_level/agent, Worker=0, Episode=17, Total reward=0, Steps=529, Training iteration=0
Training> Name=main_level/agent, Worker=0, Episode=18, Total reward=0, Steps=551, Training iteration=0
Training> Name=main_level/agent, Worker=0, Episode=19, Total reward=0, Steps=596, Training iteration=0
Training> Name=main_level/agent, Worker=0, Episode=20, Total reward=0, Steps=638, Training iteration=0
Policy training> Surrogate loss=0.004753111861646175, KL divergence=1.117922511184588e-05, Entropy=2.8364334106445312, training epoch=0, learning_rate=0.0003
Policy training> Surrogate loss=0.00039267458487302065, KL divergence=9.63511920417659e-05, Entropy=2.8361318111419678, training epoch=1, learning_rate=0.0003
Policy training> Surrogate loss=-0.018275346606969833, KL divergence=0.00667085824534297, Entropy=2.836799144744873, training epoch=2, learning_rate=0.0003
Policy training> Surrogate loss=-0.007720806635916233, KL divergence=0.009799225255846977, Entropy=2.837892770767212, training epoch=3, learning_rate=0.0003
Policy training> Surrogate loss=-0.01866959221661091, KL divergence=0.0023282691836357117, Entropy=2.8387136459350586, training epoch=4, learning_rate=0.0003
Policy training> Surrogate loss=-0.0040567796677351, KL divergence=0.008399848826229572, Entropy=2.8393609523773193, training epoch=5, learning_rate=0.0003
Policy training> Surrogate loss=0.008251894265413284, KL divergence=0.00741889514029026, Entropy=2.8392722606658936, training epoch=6, learning_rate=0.0003
Policy training> Surrogate loss=-0.013928703032433987, KL divergence=0.007484151981770992, Entropy=2.839465618133545, training epoch=7, learning_rate=0.0003
Policy training> Surrogate loss=-0.02082621492445469, KL divergence=0.010425624437630177, Entropy=2.8393735885620117, training epoch=8, learning_rate=0.0003
Policy training> Surrogate loss=-0.02747594378888607, KL divergence=0.007396479602903128, Entropy=2.8393185138702393, training epoch=9, learning_rate=0.0003
INFO:tensorflow:./checkpoint_sagemaker/agent/1_Step-638.ckpt is not in all_model_checkpoint_paths. Manually adding it.
Checkpoint> Saving in path=['./checkpoint_sagemaker/agent/1_Step-638.ckpt']
[s3] Successfully uploaded .lock to                      s3 bucket aws-deepracer-data-us-east-1-1 with s3 key data-b2bb58d5-8e31-44ac-9bd1-48a4358b0d50/models/802ec0f9-f0c0-4eb7-9087-dcb5ca3826a0/sagemaker-robomaker-artifacts/model/.lock.
Uploaded 3 files for checkpoint 1
[s3] Successfully uploaded coach checkpoint to                   s3 bucket aws-deepracer-data-us-east-1-1 with s3 key data-b2bb58d5-8e31-44ac-9bd1-48a4358b0d50/models/802ec0f9-f0c0-4eb7-9087-dcb5ca3826a0/sagemaker-robomaker-artifacts/model/.coach_checkpoint.
[s3] Successfully downloaded deepracer checkpoint json from                  s3 key data-b2bb58d5-8e31-44ac-9bd1-48a4358b0d50/models/802ec0f9-f0c0-4eb7-9087-dcb5ca3826a0/sagemaker-robomaker-artifacts/model/deepracer_checkpoints.json to local checkpoint_sagemaker/agent/deepracer_checkpoints.json.
[s3] Successfully downloaded deepracer checkpoint json from                  s3 key data-b2bb58d5-8e31-44ac-9bd1-48a4358b0d50/models/802ec0f9-f0c0-4eb7-9087-dcb5ca3826a0/sagemaker-robomaker-artifacts/model/deepracer_checkpoints.json to local checkpoint_sagemaker/agent/deepracer_checkpoints.json.
INFO:tensorflow:Froze 11 variables.
INFO:tensorflow:Converted 11 variables to const ops.
saved intermediate frozen graph: data-b2bb58d5-8e31-44ac-9bd1-48a4358b0d50/models/802ec0f9-f0c0-4eb7-9087-dcb5ca3826a0/sagemaker-robomaker-artifacts/model/model_1.pb
Best checkpoint number: 0, Last checkpoint number: 0
Copying the frozen checkpoint from ./frozen_models/agent/model_0.pb to /opt/ml/model/agent/model.pb.
[s3] Successfully downloaded deepracer checkpoint json from                  s3 key data-b2bb58d5-8e31-44ac-9bd1-48a4358b0d50/models/802ec0f9-f0c0-4eb7-9087-dcb5ca3826a0/sagemaker-robomaker-artifacts/model/deepracer_checkpoints.json to local checkpoint_sagemaker/agent/deepracer_checkpoints.json.
Training> Name=main_level/agent, Worker=0, Episode=21, Total reward=0, Steps=669, Training iteration=1
Training> Name=main_level/agent, Worker=0, Episode=22, Total reward=0, Steps=716, Training iteration=1
Training> Name=main_level/agent, Worker=0, Episode=23, Total reward=0, Steps=748, Training iteration=1
Training> Name=main_level/agent, Worker=0, Episode=24, Total reward=0, Steps=768, Training iteration=1
Training> Name=main_level/agent, Worker=0, Episode=25, Total reward=0, Steps=792, Training iteration=1
Training> Name=main_level/agent, Worker=0, Episode=26, Total reward=0, Steps=812, Training iteration=1
Training> Name=main_level/agent, Worker=0, Episode=27, Total reward=0, Steps=847, Training iteration=1
Training> Name=main_level/agent, Worker=0, Episode=28, Total reward=0, Steps=874, Training iteration=1
Training> Name=main_level/agent, Worker=0, Episode=29, Total reward=0, Steps=912, Training iteration=1
Training> Name=main_level/agent, Worker=0, Episode=30, Total reward=0, Steps=969, Training iteration=1
Training> Name=main_level/agent, Worker=0, Episode=31, Total reward=0, Steps=991, Training iteration=1
Training> Name=main_level/agent, Worker=0, Episode=32, Total reward=0, Steps=1026, Training iteration=1
Training> Name=main_level/agent, Worker=0, Episode=33, Total reward=0, Steps=1051, Training iteration=1
Training> Name=main_level/agent, Worker=0, Episode=34, Total reward=0, Steps=1071, Training iteration=1
Training> Name=main_level/agent, Worker=0, Episode=35, Total reward=0, Steps=1096, Training iteration=1
Training> Name=main_level/agent, Worker=0, Episode=36, Total reward=0, Steps=1124, Training iteration=1
Training> Name=main_level/agent, Worker=0, Episode=37, Total reward=0, Steps=1169, Training iteration=1
Training> Name=main_level/agent, Worker=0, Episode=38, Total reward=0, Steps=1195, Training iteration=1
Training> Name=main_level/agent, Worker=0, Episode=39, Total reward=0, Steps=1224, Training iteration=1
Training> Name=main_level/agent, Worker=0, Episode=40, Total reward=0, Steps=1265, Training iteration=1
Policy training> Surrogate loss=0.012884635478258133, KL divergence=0.015945646911859512, Entropy=2.839489221572876, training epoch=0, learning_rate=0.0003
Policy training> Surrogate loss=-0.03969326987862587, KL divergence=0.007202547509223223, Entropy=2.839163303375244, training epoch=1, learning_rate=0.0003
Policy training> Surrogate loss=-0.022995702922344208, KL divergence=0.013200775720179081, Entropy=2.8386776447296143, training epoch=2, learning_rate=0.0003
Policy training> Surrogate loss=-0.019160058349370956, KL divergence=0.009568301029503345, Entropy=2.8382554054260254, training epoch=3, learning_rate=0.0003
Policy training> Surrogate loss=-0.03464873880147934, KL divergence=0.01128328125923872, Entropy=2.837564706802368, training epoch=4, learning_rate=0.0003
Policy training> Surrogate loss=-0.03415682166814804, KL divergence=0.005503877066075802, Entropy=2.8366713523864746, training epoch=5, learning_rate=0.0003
Policy training> Surrogate loss=-0.03683023899793625, KL divergence=0.025604229420423508, Entropy=2.835939884185791, training epoch=6, learning_rate=0.0003
Policy training> Surrogate loss=-0.010316879488527775, KL divergence=0.010133344680070877, Entropy=2.835235595703125, training epoch=7, learning_rate=0.0003
Policy training> Surrogate loss=-0.04013585299253464, KL divergence=0.02801997773349285, Entropy=2.834296703338623, training epoch=8, learning_rate=0.0003
Policy training> Surrogate loss=-0.053944870829582214, KL divergence=0.014751715585589409, Entropy=2.8333311080932617, training epoch=9, learning_rate=0.0003
INFO:tensorflow:./checkpoint_sagemaker/agent/2_Step-1265.ckpt is not in all_model_checkpoint_paths. Manually adding it.
Checkpoint> Saving in path=['./checkpoint_sagemaker/agent/2_Step-1265.ckpt']
[s3] Successfully uploaded .lock to                      s3 bucket aws-deepracer-data-us-east-1-1 with s3 key data-b2bb58d5-8e31-44ac-9bd1-48a4358b0d50/models/802ec0f9-f0c0-4eb7-9087-dcb5ca3826a0/sagemaker-robomaker-artifacts/model/.lock.
Uploaded 3 files for checkpoint 2
[s3] Successfully uploaded coach checkpoint to                   s3 bucket aws-deepracer-data-us-east-1-1 with s3 key data-b2bb58d5-8e31-44ac-9bd1-48a4358b0d50/models/802ec0f9-f0c0-4eb7-9087-dcb5ca3826a0/sagemaker-robomaker-artifacts/model/.coach_checkpoint.
[s3] Successfully downloaded deepracer checkpoint json from                  s3 key data-b2bb58d5-8e31-44ac-9bd1-48a4358b0d50/models/802ec0f9-f0c0-4eb7-9087-dcb5ca3826a0/sagemaker-robomaker-artifacts/model/deepracer_checkpoints.json to local checkpoint_sagemaker/agent/deepracer_checkpoints.json.
[s3] Successfully downloaded deepracer checkpoint json from                  s3 key data-b2bb58d5-8e31-44ac-9bd1-48a4358b0d50/models/802ec0f9-f0c0-4eb7-9087-dcb5ca3826a0/sagemaker-robomaker-artifacts/model/deepracer_checkpoints.json to local checkpoint_sagemaker/agent/deepracer_checkpoints.json.
INFO:tensorflow:Froze 11 variables.
INFO:tensorflow:Converted 11 variables to const ops.
saved intermediate frozen graph: data-b2bb58d5-8e31-44ac-9bd1-48a4358b0d50/models/802ec0f9-f0c0-4eb7-9087-dcb5ca3826a0/sagemaker-robomaker-artifacts/model/model_2.pb
Best checkpoint number: 0, Last checkpoint number: 0
Copying the frozen checkpoint from ./frozen_models/agent/model_0.pb to /opt/ml/model/agent/model.pb.
[s3] Successfully downloaded deepracer checkpoint json from                  s3 key data-b2bb58d5-8e31-44ac-9bd1-48a4358b0d50/models/802ec0f9-f0c0-4eb7-9087-dcb5ca3826a0/sagemaker-robomaker-artifacts/model/deepracer_checkpoints.json to local checkpoint_sagemaker/agent/deepracer_checkpoints.json.
Training> Name=main_level/agent, Worker=0, Episode=41, Total reward=0, Steps=1322, Training iteration=2
Training> Name=main_level/agent, Worker=0, Episode=42, Total reward=0, Steps=1355, Training iteration=2
Training> Name=main_level/agent, Worker=0, Episode=43, Total reward=0, Steps=1409, Training iteration=2
Training> Name=main_level/agent, Worker=0, Episode=44, Total reward=0, Steps=1500, Training iteration=2
Training> Name=main_level/agent, Worker=0, Episode=45, Total reward=0, Steps=1532, Training iteration=2
Training> Name=main_level/agent, Worker=0, Episode=46, Total reward=0, Steps=1553, Training iteration=2
Training> Name=main_level/agent, Worker=0, Episode=47, Total reward=0, Steps=1622, Training iteration=2
Training> Name=main_level/agent, Worker=0, Episode=48, Total reward=0, Steps=1655, Training iteration=2
Training> Name=main_level/agent, Worker=0, Episode=49, Total reward=0, Steps=1731, Training iteration=2
Training> Name=main_level/agent, Worker=0, Episode=50, Total reward=0, Steps=1763, Training iteration=2
Training> Name=main_level/agent, Worker=0, Episode=51, Total reward=0, Steps=1784, Training iteration=2
Training> Name=main_level/agent, Worker=0, Episode=52, Total reward=0, Steps=1828, Training iteration=2
Training> Name=main_level/agent, Worker=0, Episode=53, Total reward=0, Steps=1859, Training iteration=2
Training> Name=main_level/agent, Worker=0, Episode=54, Total reward=0, Steps=1952, Training iteration=2
Training> Name=main_level/agent, Worker=0, Episode=55, Total reward=0, Steps=1970, Training iteration=2
Training> Name=main_level/agent, Worker=0, Episode=56, Total reward=0, Steps=2002, Training iteration=2
Training> Name=main_level/agent, Worker=0, Episode=57, Total reward=0, Steps=2026, Training iteration=2
Training> Name=main_level/agent, Worker=0, Episode=58, Total reward=0, Steps=2139, Training iteration=2
Training> Name=main_level/agent, Worker=0, Episode=59, Total reward=0, Steps=2163, Training iteration=2
Training> Name=main_level/agent, Worker=0, Episode=60, Total reward=0, Steps=2245, Training iteration=2
Policy training> Surrogate loss=-0.011727211996912956, KL divergence=0.011449318379163742, Entropy=2.8323261737823486, training epoch=0, learning_rate=0.0003
Policy training> Surrogate loss=-0.013095668517053127, KL divergence=0.012663939036428928, Entropy=2.830711603164673, training epoch=1, learning_rate=0.0003
Policy training> Surrogate loss=-0.022254284471273422, KL divergence=0.009889096021652222, Entropy=2.8294179439544678, training epoch=2, learning_rate=0.0003
Policy training> Surrogate loss=-0.02803822048008442, KL divergence=0.020225094631314278, Entropy=2.829315423965454, training epoch=3, learning_rate=0.0003
Policy training> Surrogate loss=-0.040942613035440445, KL divergence=0.020235156640410423, Entropy=2.8300740718841553, training epoch=4, learning_rate=0.0003
Policy training> Surrogate loss=-0.03670203685760498, KL divergence=0.021860430017113686, Entropy=2.829880475997925, training epoch=5, learning_rate=0.0003
Policy training> Surrogate loss=-0.02613726072013378, KL divergence=0.02423635870218277, Entropy=2.8294456005096436, training epoch=6, learning_rate=0.0003
Policy training> Surrogate loss=-0.048396263271570206, KL divergence=0.03164815902709961, Entropy=2.8290953636169434, training epoch=7, learning_rate=0.0003
Policy training> Surrogate loss=-0.04646655172109604, KL divergence=0.028953595086932182, Entropy=2.828962802886963, training epoch=8, learning_rate=0.0003
Policy training> Surrogate loss=-0.05356766656041145, KL divergence=0.039282575249671936, Entropy=2.8284928798675537, training epoch=9, learning_rate=0.0003
INFO:tensorflow:./checkpoint_sagemaker/agent/3_Step-2245.ckpt is not in all_model_checkpoint_paths. Manually adding it.
Checkpoint> Saving in path=['./checkpoint_sagemaker/agent/3_Step-2245.ckpt']
[s3] Successfully uploaded .lock to                      s3 bucket aws-deepracer-data-us-east-1-1 with s3 key data-b2bb58d5-8e31-44ac-9bd1-48a4358b0d50/models/802ec0f9-f0c0-4eb7-9087-dcb5ca3826a0/sagemaker-robomaker-artifacts/model/.lock.
Uploaded 3 files for checkpoint 3
[s3] Successfully uploaded coach checkpoint to                   s3 bucket aws-deepracer-data-us-east-1-1 with s3 key data-b2bb58d5-8e31-44ac-9bd1-48a4358b0d50/models/802ec0f9-f0c0-4eb7-9087-dcb5ca3826a0/sagemaker-robomaker-artifacts/model/.coach_checkpoint.
[s3] Successfully downloaded deepracer checkpoint json from                  s3 key data-b2bb58d5-8e31-44ac-9bd1-48a4358b0d50/models/802ec0f9-f0c0-4eb7-9087-dcb5ca3826a0/sagemaker-robomaker-artifacts/model/deepracer_checkpoints.json to local checkpoint_sagemaker/agent/deepracer_checkpoints.json.
[s3] Successfully downloaded deepracer checkpoint json from                  s3 key data-b2bb58d5-8e31-44ac-9bd1-48a4358b0d50/models/802ec0f9-f0c0-4eb7-9087-dcb5ca3826a0/sagemaker-robomaker-artifacts/model/deepracer_checkpoints.json to local checkpoint_sagemaker/agent/deepracer_checkpoints.json.
INFO:tensorflow:Froze 11 variables.
INFO:tensorflow:Converted 11 variables to const ops.
saved intermediate frozen graph: data-b2bb58d5-8e31-44ac-9bd1-48a4358b0d50/models/802ec0f9-f0c0-4eb7-9087-dcb5ca3826a0/sagemaker-robomaker-artifacts/model/model_3.pb
Best checkpoint number: 1, Last checkpoint number: 1
Copying the frozen checkpoint from ./frozen_models/agent/model_1.pb to /opt/ml/model/agent/model.pb.
[s3] Successfully downloaded deepracer checkpoint json from                  s3 key data-b2bb58d5-8e31-44ac-9bd1-48a4358b0d50/models/802ec0f9-f0c0-4eb7-9087-dcb5ca3826a0/sagemaker-robomaker-artifacts/model/deepracer_checkpoints.json to local checkpoint_sagemaker/agent/deepracer_checkpoints.json.
Training> Name=main_level/agent, Worker=0, Episode=61, Total reward=0, Steps=2317, Training iteration=3
Training> Name=main_level/agent, Worker=0, Episode=62, Total reward=0, Steps=2383, Training iteration=3
Training> Name=main_level/agent, Worker=0, Episode=63, Total reward=0, Steps=2454, Training iteration=3
Training> Name=main_level/agent, Worker=0, Episode=64, Total reward=0, Steps=2495, Training iteration=3
Training> Name=main_level/agent, Worker=0, Episode=65, Total reward=0, Steps=2520, Training iteration=3
Training> Name=main_level/agent, Worker=0, Episode=66, Total reward=0, Steps=2606, Training iteration=3
Training> Name=main_level/agent, Worker=0, Episode=67, Total reward=0, Steps=2639, Training iteration=3
Training> Name=main_level/agent, Worker=0, Episode=68, Total reward=0, Steps=2696, Training iteration=3
Training> Name=main_level/agent, Worker=0, Episode=69, Total reward=0, Steps=2730, Training iteration=3
Training> Name=main_level/agent, Worker=0, Episode=70, Total reward=0, Steps=2751, Training iteration=3
Training> Name=main_level/agent, Worker=0, Episode=71, Total reward=0, Steps=2771, Training iteration=3
Training> Name=main_level/agent, Worker=0, Episode=72, Total reward=0, Steps=2816, Training iteration=3
Training> Name=main_level/agent, Worker=0, Episode=73, Total reward=0, Steps=2852, Training iteration=3
Training> Name=main_level/agent, Worker=0, Episode=74, Total reward=0, Steps=2881, Training iteration=3
Training> Name=main_level/agent, Worker=0, Episode=75, Total reward=0, Steps=3068, Training iteration=3
Training> Name=main_level/agent, Worker=0, Episode=76, Total reward=0, Steps=3144, Training iteration=3
Training> Name=main_level/agent, Worker=0, Episode=77, Total reward=0, Steps=3251, Training iteration=3
Training> Name=main_level/agent, Worker=0, Episode=78, Total reward=0, Steps=3305, Training iteration=3
Training> Name=main_level/agent, Worker=0, Episode=79, Total reward=0, Steps=3415, Training iteration=3
Training> Name=main_level/agent, Worker=0, Episode=80, Total reward=0, Steps=3460, Training iteration=3
Policy training> Surrogate loss=0.022585269063711166, KL divergence=0.021470295265316963, Entropy=2.826789140701294, training epoch=0, learning_rate=0.0003
Policy training> Surrogate loss=-0.008451766334474087, KL divergence=0.030946023762226105, Entropy=2.8257875442504883, training epoch=1, learning_rate=0.0003
Policy training> Surrogate loss=-0.021925045177340508, KL divergence=0.025796182453632355, Entropy=2.8248705863952637, training epoch=2, learning_rate=0.0003
Policy training> Surrogate loss=-0.04209277033805847, KL divergence=0.025272414088249207, Entropy=2.8226375579833984, training epoch=3, learning_rate=0.0003
Policy training> Surrogate loss=-0.03836090862751007, KL divergence=0.02968785911798477, Entropy=2.818981647491455, training epoch=4, learning_rate=0.0003
Policy training> Surrogate loss=-0.054890748113393784, KL divergence=0.02933889627456665, Entropy=2.8161845207214355, training epoch=5, learning_rate=0.0003
Policy training> Surrogate loss=-0.053784165531396866, KL divergence=0.0380626916885376, Entropy=2.814361572265625, training epoch=6, learning_rate=0.0003
Policy training> Surrogate loss=-0.0522371307015419, KL divergence=0.0419275239109993, Entropy=2.811480760574341, training epoch=7, learning_rate=0.0003
Policy training> Surrogate loss=-0.06089521944522858, KL divergence=0.04753510653972626, Entropy=2.8084356784820557, training epoch=8, learning_rate=0.0003
Policy training> Surrogate loss=-0.08212096244096756, KL divergence=0.052370455116033554, Entropy=2.80561900138855, training epoch=9, learning_rate=0.0003
INFO:tensorflow:./checkpoint_sagemaker/agent/4_Step-3460.ckpt is not in all_model_checkpoint_paths. Manually adding it.
Checkpoint> Saving in path=['./checkpoint_sagemaker/agent/4_Step-3460.ckpt']
[s3] Successfully uploaded .lock to                      s3 bucket aws-deepracer-data-us-east-1-1 with s3 key data-b2bb58d5-8e31-44ac-9bd1-48a4358b0d50/models/802ec0f9-f0c0-4eb7-9087-dcb5ca3826a0/sagemaker-robomaker-artifacts/model/.lock.
Uploaded 3 files for checkpoint 4
[s3] Successfully uploaded coach checkpoint to                   s3 bucket aws-deepracer-data-us-east-1-1 with s3 key data-b2bb58d5-8e31-44ac-9bd1-48a4358b0d50/models/802ec0f9-f0c0-4eb7-9087-dcb5ca3826a0/sagemaker-robomaker-artifacts/model/.coach_checkpoint.
[s3] Successfully downloaded deepracer checkpoint json from                  s3 key data-b2bb58d5-8e31-44ac-9bd1-48a4358b0d50/models/802ec0f9-f0c0-4eb7-9087-dcb5ca3826a0/sagemaker-robomaker-artifacts/model/deepracer_checkpoints.json to local checkpoint_sagemaker/agent/deepracer_checkpoints.json.
[s3] Successfully downloaded deepracer checkpoint json from                  s3 key data-b2bb58d5-8e31-44ac-9bd1-48a4358b0d50/models/802ec0f9-f0c0-4eb7-9087-dcb5ca3826a0/sagemaker-robomaker-artifacts/model/deepracer_checkpoints.json to local checkpoint_sagemaker/agent/deepracer_checkpoints.json.
INFO:tensorflow:Froze 11 variables.
INFO:tensorflow:Converted 11 variables to const ops.
saved intermediate frozen graph: data-b2bb58d5-8e31-44ac-9bd1-48a4358b0d50/models/802ec0f9-f0c0-4eb7-9087-dcb5ca3826a0/sagemaker-robomaker-artifacts/model/model_4.pb
Best checkpoint number: 2, Last checkpoint number: 2
Copying the frozen checkpoint from ./frozen_models/agent/model_2.pb to /opt/ml/model/agent/model.pb.
[s3] Successfully downloaded deepracer checkpoint json from                  s3 key data-b2bb58d5-8e31-44ac-9bd1-48a4358b0d50/models/802ec0f9-f0c0-4eb7-9087-dcb5ca3826a0/sagemaker-robomaker-artifacts/model/deepracer_checkpoints.json to local checkpoint_sagemaker/agent/deepracer_checkpoints.json.
Deleting the frozen models in s3 for the iterations: {'0'}
Training> Name=main_level/agent, Worker=0, Episode=81, Total reward=0, Steps=3569, Training iteration=4
Training> Name=main_level/agent, Worker=0, Episode=82, Total reward=0, Steps=3636, Training iteration=4
Training> Name=main_level/agent, Worker=0, Episode=83, Total reward=0, Steps=3712, Training iteration=4
Training> Name=main_level/agent, Worker=0, Episode=84, Total reward=0, Steps=3771, Training iteration=4
Training> Name=main_level/agent, Worker=0, Episode=85, Total reward=0, Steps=3800, Training iteration=4
Training> Name=main_level/agent, Worker=0, Episode=86, Total reward=0, Steps=3853, Training iteration=4
Training> Name=main_level/agent, Worker=0, Episode=87, Total reward=0, Steps=3888, Training iteration=4
Training> Name=main_level/agent, Worker=0, Episode=88, Total reward=0, Steps=3969, Training iteration=4
Training> Name=main_level/agent, Worker=0, Episode=89, Total reward=0, Steps=4019, Training iteration=4
Training> Name=main_level/agent, Worker=0, Episode=90, Total reward=0, Steps=4086, Training iteration=4
Training> Name=main_level/agent, Worker=0, Episode=91, Total reward=0, Steps=4142, Training iteration=4
Training> Name=main_level/agent, Worker=0, Episode=92, Total reward=0, Steps=4186, Training iteration=4
Training> Name=main_level/agent, Worker=0, Episode=93, Total reward=0, Steps=4221, Training iteration=4
Training> Name=main_level/agent, Worker=0, Episode=94, Total reward=0, Steps=4364, Training iteration=4
Training> Name=main_level/agent, Worker=0, Episode=95, Total reward=0, Steps=4486, Training iteration=4
Training> Name=main_level/agent, Worker=0, Episode=96, Total reward=0, Steps=4574, Training iteration=4
Training> Name=main_level/agent, Worker=0, Episode=97, Total reward=0, Steps=4644, Training iteration=4
Training> Name=main_level/agent, Worker=0, Episode=98, Total reward=0, Steps=4709, Training iteration=4
Training> Name=main_level/agent, Worker=0, Episode=99, Total reward=0, Steps=4758, Training iteration=4
Training> Name=main_level/agent, Worker=0, Episode=100, Total reward=0, Steps=4798, Training iteration=4
Policy training> Surrogate loss=0.0023569799959659576, KL divergence=0.01326633058488369, Entropy=2.802130937576294, training epoch=0, learning_rate=0.0003
Policy training> Surrogate loss=-0.006809489335864782, KL divergence=0.029631590470671654, Entropy=2.8008580207824707, training epoch=1, learning_rate=0.0003
Policy training> Surrogate loss=-0.02764420583844185, KL divergence=0.026872914284467697, Entropy=2.7991437911987305, training epoch=2, learning_rate=0.0003
Policy training> Surrogate loss=-0.03563909977674484, KL divergence=0.02818313241004944, Entropy=2.798863410949707, training epoch=3, learning_rate=0.0003
Policy training> Surrogate loss=-0.030487243086099625, KL divergence=0.03326435014605522, Entropy=2.7990448474884033, training epoch=4, learning_rate=0.0003
Policy training> Surrogate loss=-0.05038802698254585, KL divergence=0.03413161635398865, Entropy=2.7970194816589355, training epoch=5, learning_rate=0.0003
Policy training> Surrogate loss=-0.04898771271109581, KL divergence=0.04019952565431595, Entropy=2.7952256202697754, training epoch=6, learning_rate=0.0003
Policy training> Surrogate loss=-0.057577162981033325, KL divergence=0.04457518830895424, Entropy=2.793787717819214, training epoch=7, learning_rate=0.0003
Policy training> Surrogate loss=-0.05930956080555916, KL divergence=0.05045786499977112, Entropy=2.791694164276123, training epoch=8, learning_rate=0.0003
Policy training> Surrogate loss=-0.06890901923179626, KL divergence=0.05258534103631973, Entropy=2.7877399921417236, training epoch=9, learning_rate=0.0003
INFO:tensorflow:./checkpoint_sagemaker/agent/5_Step-4798.ckpt is not in all_model_checkpoint_paths. Manually adding it.
Checkpoint> Saving in path=['./checkpoint_sagemaker/agent/5_Step-4798.ckpt']
[s3] Successfully uploaded .lock to                      s3 bucket aws-deepracer-data-us-east-1-1 with s3 key data-b2bb58d5-8e31-44ac-9bd1-48a4358b0d50/models/802ec0f9-f0c0-4eb7-9087-dcb5ca3826a0/sagemaker-robomaker-artifacts/model/.lock.
Uploaded 3 files for checkpoint 5
[s3] Successfully uploaded coach checkpoint to                   s3 bucket aws-deepracer-data-us-east-1-1 with s3 key data-b2bb58d5-8e31-44ac-9bd1-48a4358b0d50/models/802ec0f9-f0c0-4eb7-9087-dcb5ca3826a0/sagemaker-robomaker-artifacts/model/.coach_checkpoint.
[s3] Successfully downloaded deepracer checkpoint json from                  s3 key data-b2bb58d5-8e31-44ac-9bd1-48a4358b0d50/models/802ec0f9-f0c0-4eb7-9087-dcb5ca3826a0/sagemaker-robomaker-artifacts/model/deepracer_checkpoints.json to local checkpoint_sagemaker/agent/deepracer_checkpoints.json.
[s3] Successfully downloaded deepracer checkpoint json from                  s3 key data-b2bb58d5-8e31-44ac-9bd1-48a4358b0d50/models/802ec0f9-f0c0-4eb7-9087-dcb5ca3826a0/sagemaker-robomaker-artifacts/model/deepracer_checkpoints.json to local checkpoint_sagemaker/agent/deepracer_checkpoints.json.
INFO:tensorflow:Froze 11 variables.
INFO:tensorflow:Converted 11 variables to const ops.
saved intermediate frozen graph: data-b2bb58d5-8e31-44ac-9bd1-48a4358b0d50/models/802ec0f9-f0c0-4eb7-9087-dcb5ca3826a0/sagemaker-robomaker-artifacts/model/model_5.pb
Best checkpoint number: 3, Last checkpoint number: 3
Copying the frozen checkpoint from ./frozen_models/agent/model_3.pb to /opt/ml/model/agent/model.pb.
[s3] Successfully downloaded deepracer checkpoint json from                  s3 key data-b2bb58d5-8e31-44ac-9bd1-48a4358b0d50/models/802ec0f9-f0c0-4eb7-9087-dcb5ca3826a0/sagemaker-robomaker-artifacts/model/deepracer_checkpoints.json to local checkpoint_sagemaker/agent/deepracer_checkpoints.json.
Deleting the frozen models in s3 for the iterations: {'1'}
Training> Name=main_level/agent, Worker=0, Episode=101, Total reward=0, Steps=4958, Training iteration=5
Training> Name=main_level/agent, Worker=0, Episode=102, Total reward=0, Steps=4985, Training iteration=5
Training> Name=main_level/agent, Worker=0, Episode=103, Total reward=0, Steps=5037, Training iteration=5
Training> Name=main_level/agent, Worker=0, Episode=104, Total reward=0, Steps=5080, Training iteration=5
Training> Name=main_level/agent, Worker=0, Episode=105, Total reward=0, Steps=5111, Training iteration=5
Training> Name=main_level/agent, Worker=0, Episode=106, Total reward=0, Steps=5215, Training iteration=5
Training> Name=main_level/agent, Worker=0, Episode=107, Total reward=0, Steps=5305, Training iteration=5
Training> Name=main_level/agent, Worker=0, Episode=108, Total reward=0, Steps=5526, Training iteration=5
Training> Name=main_level/agent, Worker=0, Episode=109, Total reward=0, Steps=5574, Training iteration=5
Training> Name=main_level/agent, Worker=0, Episode=110, Total reward=0, Steps=5638, Training iteration=5
Training> Name=main_level/agent, Worker=0, Episode=111, Total reward=0, Steps=5695, Training iteration=5
Training> Name=main_level/agent, Worker=0, Episode=112, Total reward=0, Steps=5720, Training iteration=5
Training> Name=main_level/agent, Worker=0, Episode=113, Total reward=0, Steps=5761, Training iteration=5
Training> Name=main_level/agent, Worker=0, Episode=114, Total reward=0, Steps=5790, Training iteration=5
Training> Name=main_level/agent, Worker=0, Episode=115, Total reward=0, Steps=5870, Training iteration=5
Training> Name=main_level/agent, Worker=0, Episode=116, Total reward=0, Steps=5925, Training iteration=5
Training> Name=main_level/agent, Worker=0, Episode=117, Total reward=0, Steps=5964, Training iteration=5
Training> Name=main_level/agent, Worker=0, Episode=118, Total reward=0, Steps=6063, Training iteration=5
Training> Name=main_level/agent, Worker=0, Episode=119, Total reward=0, Steps=6244, Training iteration=5
Training> Name=main_level/agent, Worker=0, Episode=120, Total reward=0, Steps=6418, Training iteration=5
Policy training> Surrogate loss=0.011503827758133411, KL divergence=0.020875275135040283, Entropy=2.784219741821289, training epoch=0, learning_rate=0.0003
Policy training> Surrogate loss=-0.025989418849349022, KL divergence=0.03682006523013115, Entropy=2.7855420112609863, training epoch=1, learning_rate=0.0003
Policy training> Surrogate loss=-0.040553316473960876, KL divergence=0.04026130586862564, Entropy=2.7841622829437256, training epoch=2, learning_rate=0.0003
Policy training> Surrogate loss=-0.04994121193885803, KL divergence=0.04352974891662598, Entropy=2.780200242996216, training epoch=3, learning_rate=0.0003
Policy training> Surrogate loss=-0.06452665477991104, KL divergence=0.045578666031360626, Entropy=2.7758748531341553, training epoch=4, learning_rate=0.0003
Policy training> Surrogate loss=-0.06784860789775848, KL divergence=0.04693809524178505, Entropy=2.7705724239349365, training epoch=5, learning_rate=0.0003
Policy training> Surrogate loss=-0.08506271988153458, KL divergence=0.04715694114565849, Entropy=2.7669990062713623, training epoch=6, learning_rate=0.0003
Policy training> Surrogate loss=-0.08538651466369629, KL divergence=0.05654190480709076, Entropy=2.7637381553649902, training epoch=7, learning_rate=0.0003
Policy training> Surrogate loss=-0.08764977753162384, KL divergence=0.06375256180763245, Entropy=2.759934186935425, training epoch=8, learning_rate=0.0003
Policy training> Surrogate loss=-0.09233324974775314, KL divergence=0.06954187154769897, Entropy=2.7562711238861084, training epoch=9, learning_rate=0.0003
INFO:tensorflow:./checkpoint_sagemaker/agent/6_Step-6418.ckpt is not in all_model_checkpoint_paths. Manually adding it.
Checkpoint> Saving in path=['./checkpoint_sagemaker/agent/6_Step-6418.ckpt']
[s3] Successfully uploaded .lock to                      s3 bucket aws-deepracer-data-us-east-1-1 with s3 key data-b2bb58d5-8e31-44ac-9bd1-48a4358b0d50/models/802ec0f9-f0c0-4eb7-9087-dcb5ca3826a0/sagemaker-robomaker-artifacts/model/.lock.
Uploaded 3 files for checkpoint 6
[s3] Successfully uploaded coach checkpoint to                   s3 bucket aws-deepracer-data-us-east-1-1 with s3 key data-b2bb58d5-8e31-44ac-9bd1-48a4358b0d50/models/802ec0f9-f0c0-4eb7-9087-dcb5ca3826a0/sagemaker-robomaker-artifacts/model/.coach_checkpoint.
[s3] Successfully downloaded deepracer checkpoint json from                  s3 key data-b2bb58d5-8e31-44ac-9bd1-48a4358b0d50/models/802ec0f9-f0c0-4eb7-9087-dcb5ca3826a0/sagemaker-robomaker-artifacts/model/deepracer_checkpoints.json to local checkpoint_sagemaker/agent/deepracer_checkpoints.json.
[s3] Successfully downloaded deepracer checkpoint json from                  s3 key data-b2bb58d5-8e31-44ac-9bd1-48a4358b0d50/models/802ec0f9-f0c0-4eb7-9087-dcb5ca3826a0/sagemaker-robomaker-artifacts/model/deepracer_checkpoints.json to local checkpoint_sagemaker/agent/deepracer_checkpoints.json.
INFO:tensorflow:Froze 11 variables.
INFO:tensorflow:Converted 11 variables to const ops.
saved intermediate frozen graph: data-b2bb58d5-8e31-44ac-9bd1-48a4358b0d50/models/802ec0f9-f0c0-4eb7-9087-dcb5ca3826a0/sagemaker-robomaker-artifacts/model/model_6.pb
Best checkpoint number: 4, Last checkpoint number: 4
Copying the frozen checkpoint from ./frozen_models/agent/model_4.pb to /opt/ml/model/agent/model.pb.
[s3] Successfully downloaded deepracer checkpoint json from                  s3 key data-b2bb58d5-8e31-44ac-9bd1-48a4358b0d50/models/802ec0f9-f0c0-4eb7-9087-dcb5ca3826a0/sagemaker-robomaker-artifacts/model/deepracer_checkpoints.json to local checkpoint_sagemaker/agent/deepracer_checkpoints.json.
Deleting the frozen models in s3 for the iterations: {'2'}
Training> Name=main_level/agent, Worker=0, Episode=121, Total reward=0, Steps=6453, Training iteration=6
Training> Name=main_level/agent, Worker=0, Episode=122, Total reward=0, Steps=6524, Training iteration=6
Training> Name=main_level/agent, Worker=0, Episode=123, Total reward=0, Steps=6657, Training iteration=6
Training> Name=main_level/agent, Worker=0, Episode=124, Total reward=0, Steps=6700, Training iteration=6
Training> Name=main_level/agent, Worker=0, Episode=125, Total reward=0, Steps=6733, Training iteration=6
Training> Name=main_level/agent, Worker=0, Episode=126, Total reward=0, Steps=6832, Training iteration=6
Training> Name=main_level/agent, Worker=0, Episode=127, Total reward=0, Steps=6935, Training iteration=6
Training> Name=main_level/agent, Worker=0, Episode=128, Total reward=0, Steps=7037, Training iteration=6
Training> Name=main_level/agent, Worker=0, Episode=129, Total reward=0, Steps=7108, Training iteration=6
Training> Name=main_level/agent, Worker=0, Episode=130, Total reward=0, Steps=7204, Training iteration=6
Training> Name=main_level/agent, Worker=0, Episode=131, Total reward=0, Steps=7369, Training iteration=6
Training> Name=main_level/agent, Worker=0, Episode=132, Total reward=0, Steps=7564, Training iteration=6
Training> Name=main_level/agent, Worker=0, Episode=133, Total reward=0, Steps=7655, Training iteration=6
Training> Name=main_level/agent, Worker=0, Episode=134, Total reward=0, Steps=7676, Training iteration=6
Training> Name=main_level/agent, Worker=0, Episode=135, Total reward=0, Steps=7799, Training iteration=6
Training> Name=main_level/agent, Worker=0, Episode=136, Total reward=0, Steps=7875, Training iteration=6
Training> Name=main_level/agent, Worker=0, Episode=137, Total reward=0, Steps=7986, Training iteration=6
Training> Name=main_level/agent, Worker=0, Episode=138, Total reward=0, Steps=8091, Training iteration=6
Training> Name=main_level/agent, Worker=0, Episode=139, Total reward=0, Steps=8248, Training iteration=6
Training> Name=main_level/agent, Worker=0, Episode=140, Total reward=0, Steps=8288, Training iteration=6
Policy training> Surrogate loss=0.00606375141069293, KL divergence=0.025459235534071922, Entropy=2.7521986961364746, training epoch=0, learning_rate=0.0003
Policy training> Surrogate loss=-0.019061068072915077, KL divergence=0.044359639286994934, Entropy=2.74910306930542, training epoch=1, learning_rate=0.0003
Policy training> Surrogate loss=-0.052765142172575, KL divergence=0.03981686383485794, Entropy=2.7448363304138184, training epoch=2, learning_rate=0.0003
Policy training> Surrogate loss=-0.061697084456682205, KL divergence=0.04116332158446312, Entropy=2.7394638061523438, training epoch=3, learning_rate=0.0003
Policy training> Surrogate loss=-0.07288739085197449, KL divergence=0.05152617767453194, Entropy=2.7327497005462646, training epoch=4, learning_rate=0.0003
Policy training> Surrogate loss=-0.08323714137077332, KL divergence=0.058612480759620667, Entropy=2.728548049926758, training epoch=5, learning_rate=0.0003
Policy training> Surrogate loss=-0.09139828383922577, KL divergence=0.060087427496910095, Entropy=2.72503924369812, training epoch=6, learning_rate=0.0003
Policy training> Surrogate loss=-0.10112711787223816, KL divergence=0.07019601762294769, Entropy=2.718946695327759, training epoch=7, learning_rate=0.0003
Policy training> Surrogate loss=-0.10140891373157501, KL divergence=0.07721071690320969, Entropy=2.7128710746765137, training epoch=8, learning_rate=0.0003
Policy training> Surrogate loss=-0.10491675138473511, KL divergence=0.08903663605451584, Entropy=2.706106662750244, training epoch=9, learning_rate=0.0003
INFO:tensorflow:./checkpoint_sagemaker/agent/7_Step-8288.ckpt is not in all_model_checkpoint_paths. Manually adding it.
Checkpoint> Saving in path=['./checkpoint_sagemaker/agent/7_Step-8288.ckpt']
[s3] Successfully uploaded .lock to                      s3 bucket aws-deepracer-data-us-east-1-1 with s3 key data-b2bb58d5-8e31-44ac-9bd1-48a4358b0d50/models/802ec0f9-f0c0-4eb7-9087-dcb5ca3826a0/sagemaker-robomaker-artifacts/model/.lock.
Uploaded 3 files for checkpoint 7
[s3] Successfully uploaded coach checkpoint to                   s3 bucket aws-deepracer-data-us-east-1-1 with s3 key data-b2bb58d5-8e31-44ac-9bd1-48a4358b0d50/models/802ec0f9-f0c0-4eb7-9087-dcb5ca3826a0/sagemaker-robomaker-artifacts/model/.coach_checkpoint.
[s3] Successfully downloaded deepracer checkpoint json from                  s3 key data-b2bb58d5-8e31-44ac-9bd1-48a4358b0d50/models/802ec0f9-f0c0-4eb7-9087-dcb5ca3826a0/sagemaker-robomaker-artifacts/model/deepracer_checkpoints.json to local checkpoint_sagemaker/agent/deepracer_checkpoints.json.
[s3] Successfully downloaded deepracer checkpoint json from                  s3 key data-b2bb58d5-8e31-44ac-9bd1-48a4358b0d50/models/802ec0f9-f0c0-4eb7-9087-dcb5ca3826a0/sagemaker-robomaker-artifacts/model/deepracer_checkpoints.json to local checkpoint_sagemaker/agent/deepracer_checkpoints.json.
INFO:tensorflow:Froze 11 variables.
INFO:tensorflow:Converted 11 variables to const ops.
saved intermediate frozen graph: data-b2bb58d5-8e31-44ac-9bd1-48a4358b0d50/models/802ec0f9-f0c0-4eb7-9087-dcb5ca3826a0/sagemaker-robomaker-artifacts/model/model_7.pb
Best checkpoint number: 5, Last checkpoint number: 5
Copying the frozen checkpoint from ./frozen_models/agent/model_5.pb to /opt/ml/model/agent/model.pb.
[s3] Successfully downloaded deepracer checkpoint json from                  s3 key data-b2bb58d5-8e31-44ac-9bd1-48a4358b0d50/models/802ec0f9-f0c0-4eb7-9087-dcb5ca3826a0/sagemaker-robomaker-artifacts/model/deepracer_checkpoints.json to local checkpoint_sagemaker/agent/deepracer_checkpoints.json.
Deleting the frozen models in s3 for the iterations: {'3'}
Training> Name=main_level/agent, Worker=0, Episode=141, Total reward=0, Steps=8327, Training iteration=7
Training> Name=main_level/agent, Worker=0, Episode=142, Total reward=0, Steps=8495, Training iteration=7
Training> Name=main_level/agent, Worker=0, Episode=143, Total reward=0, Steps=8543, Training iteration=7
Training> Name=main_level/agent, Worker=0, Episode=144, Total reward=0, Steps=8589, Training iteration=7
Training> Name=main_level/agent, Worker=0, Episode=145, Total reward=0, Steps=8645, Training iteration=7
Training> Name=main_level/agent, Worker=0, Episode=146, Total reward=0, Steps=8690, Training iteration=7
Training> Name=main_level/agent, Worker=0, Episode=147, Total reward=0, Steps=8794, Training iteration=7
Training> Name=main_level/agent, Worker=0, Episode=148, Total reward=0, Steps=8992, Training iteration=7
Training> Name=main_level/agent, Worker=0, Episode=149, Total reward=0, Steps=9029, Training iteration=7
Training> Name=main_level/agent, Worker=0, Episode=150, Total reward=0, Steps=9113, Training iteration=7
Training> Name=main_level/agent, Worker=0, Episode=151, Total reward=0, Steps=9178, Training iteration=7
Training> Name=main_level/agent, Worker=0, Episode=152, Total reward=0, Steps=9221, Training iteration=7
Training> Name=main_level/agent, Worker=0, Episode=153, Total reward=0, Steps=9399, Training iteration=7
Training> Name=main_level/agent, Worker=0, Episode=154, Total reward=0, Steps=9422, Training iteration=7
Training> Name=main_level/agent, Worker=0, Episode=155, Total reward=0, Steps=9519, Training iteration=7
Training> Name=main_level/agent, Worker=0, Episode=156, Total reward=0, Steps=9561, Training iteration=7
Training> Name=main_level/agent, Worker=0, Episode=157, Total reward=0, Steps=9633, Training iteration=7
Training> Name=main_level/agent, Worker=0, Episode=158, Total reward=0, Steps=9694, Training iteration=7
Training> Name=main_level/agent, Worker=0, Episode=159, Total reward=0, Steps=9861, Training iteration=7
Training> Name=main_level/agent, Worker=0, Episode=160, Total reward=0, Steps=9887, Training iteration=7
Policy training> Surrogate loss=0.015613742172718048, KL divergence=0.02625175006687641, Entropy=2.700446367263794, training epoch=0, learning_rate=0.0003
Policy training> Surrogate loss=-0.041791290044784546, KL divergence=0.05773865059018135, Entropy=2.697450637817383, training epoch=1, learning_rate=0.0003
Policy training> Surrogate loss=-0.06712218374013901, KL divergence=0.07310766726732254, Entropy=2.694798707962036, training epoch=2, learning_rate=0.0003
Policy training> Surrogate loss=-0.08200732618570328, KL divergence=0.08000922948122025, Entropy=2.6917622089385986, training epoch=3, learning_rate=0.0003
Policy training> Surrogate loss=-0.07889895141124725, KL divergence=0.08612191677093506, Entropy=2.6879312992095947, training epoch=4, learning_rate=0.0003
Policy training> Surrogate loss=-0.10607543587684631, KL divergence=0.1023486852645874, Entropy=2.6831531524658203, training epoch=5, learning_rate=0.0003
Policy training> Surrogate loss=-0.09752005338668823, KL divergence=0.10372510552406311, Entropy=2.6771914958953857, training epoch=6, learning_rate=0.0003
Policy training> Surrogate loss=-0.11435835808515549, KL divergence=0.11720504611730576, Entropy=2.6715328693389893, training epoch=7, learning_rate=0.0003
Policy training> Surrogate loss=-0.11345609277486801, KL divergence=0.11441487818956375, Entropy=2.665851354598999, training epoch=8, learning_rate=0.0003
Policy training> Surrogate loss=-0.12443577498197556, KL divergence=0.12821151316165924, Entropy=2.6599786281585693, training epoch=9, learning_rate=0.0003
INFO:tensorflow:./checkpoint_sagemaker/agent/8_Step-9887.ckpt is not in all_model_checkpoint_paths. Manually adding it.
Checkpoint> Saving in path=['./checkpoint_sagemaker/agent/8_Step-9887.ckpt']
[s3] Successfully uploaded .lock to                      s3 bucket aws-deepracer-data-us-east-1-1 with s3 key data-b2bb58d5-8e31-44ac-9bd1-48a4358b0d50/models/802ec0f9-f0c0-4eb7-9087-dcb5ca3826a0/sagemaker-robomaker-artifacts/model/.lock.
Uploaded 3 files for checkpoint 8
[s3] Successfully uploaded coach checkpoint to                   s3 bucket aws-deepracer-data-us-east-1-1 with s3 key data-b2bb58d5-8e31-44ac-9bd1-48a4358b0d50/models/802ec0f9-f0c0-4eb7-9087-dcb5ca3826a0/sagemaker-robomaker-artifacts/model/.coach_checkpoint.
[s3] Successfully downloaded deepracer checkpoint json from                  s3 key data-b2bb58d5-8e31-44ac-9bd1-48a4358b0d50/models/802ec0f9-f0c0-4eb7-9087-dcb5ca3826a0/sagemaker-robomaker-artifacts/model/deepracer_checkpoints.json to local checkpoint_sagemaker/agent/deepracer_checkpoints.json.
[s3] Successfully downloaded deepracer checkpoint json from                  s3 key data-b2bb58d5-8e31-44ac-9bd1-48a4358b0d50/models/802ec0f9-f0c0-4eb7-9087-dcb5ca3826a0/sagemaker-robomaker-artifacts/model/deepracer_checkpoints.json to local checkpoint_sagemaker/agent/deepracer_checkpoints.json.
INFO:tensorflow:Froze 11 variables.
INFO:tensorflow:Converted 11 variables to const ops.
saved intermediate frozen graph: data-b2bb58d5-8e31-44ac-9bd1-48a4358b0d50/models/802ec0f9-f0c0-4eb7-9087-dcb5ca3826a0/sagemaker-robomaker-artifacts/model/model_8.pb
Best checkpoint number: 5, Last checkpoint number: 6
Copying the frozen checkpoint from ./frozen_models/agent/model_5.pb to /opt/ml/model/agent/model.pb.
[s3] Successfully downloaded deepracer checkpoint json from                  s3 key data-b2bb58d5-8e31-44ac-9bd1-48a4358b0d50/models/802ec0f9-f0c0-4eb7-9087-dcb5ca3826a0/sagemaker-robomaker-artifacts/model/deepracer_checkpoints.json to local checkpoint_sagemaker/agent/deepracer_checkpoints.json.
Deleting the frozen models in s3 for the iterations: {'4'}
Training> Name=main_level/agent, Worker=0, Episode=161, Total reward=0, Steps=9950, Training iteration=8
Training> Name=main_level/agent, Worker=0, Episode=162, Total reward=0, Steps=10010, Training iteration=8
Training> Name=main_level/agent, Worker=0, Episode=163, Total reward=0, Steps=10066, Training iteration=8
Training> Name=main_level/agent, Worker=0, Episode=164, Total reward=0, Steps=10119, Training iteration=8
Training> Name=main_level/agent, Worker=0, Episode=165, Total reward=0, Steps=10198, Training iteration=8
Training> Name=main_level/agent, Worker=0, Episode=166, Total reward=0, Steps=10318, Training iteration=8
Training> Name=main_level/agent, Worker=0, Episode=167, Total reward=0, Steps=10417, Training iteration=8
Training> Name=main_level/agent, Worker=0, Episode=168, Total reward=0, Steps=10484, Training iteration=8
Training> Name=main_level/agent, Worker=0, Episode=169, Total reward=0, Steps=10576, Training iteration=8
Training> Name=main_level/agent, Worker=0, Episode=170, Total reward=0, Steps=10680, Training iteration=8
Training> Name=main_level/agent, Worker=0, Episode=171, Total reward=0, Steps=10744, Training iteration=8
Training> Name=main_level/agent, Worker=0, Episode=172, Total reward=0, Steps=10794, Training iteration=8
Training> Name=main_level/agent, Worker=0, Episode=173, Total reward=0, Steps=10868, Training iteration=8
Training> Name=main_level/agent, Worker=0, Episode=174, Total reward=0, Steps=10908, Training iteration=8
Training> Name=main_level/agent, Worker=0, Episode=175, Total reward=0, Steps=11062, Training iteration=8
Training> Name=main_level/agent, Worker=0, Episode=176, Total reward=0, Steps=11246, Training iteration=8
Training> Name=main_level/agent, Worker=0, Episode=177, Total reward=0, Steps=11348, Training iteration=8
Training> Name=main_level/agent, Worker=0, Episode=178, Total reward=0, Steps=11505, Training iteration=8
Training> Name=main_level/agent, Worker=0, Episode=179, Total reward=0, Steps=11556, Training iteration=8
Training> Name=main_level/agent, Worker=0, Episode=180, Total reward=0, Steps=11599, Training iteration=8
Policy training> Surrogate loss=0.04645717516541481, KL divergence=0.06129765138030052, Entropy=2.655629873275757, training epoch=0, learning_rate=0.0003
Policy training> Surrogate loss=-0.009846306405961514, KL divergence=0.0958290547132492, Entropy=2.655061960220337, training epoch=1, learning_rate=0.0003
Policy training> Surrogate loss=-0.04524892568588257, KL divergence=0.10757759213447571, Entropy=2.6544435024261475, training epoch=2, learning_rate=0.0003
Policy training> Surrogate loss=-0.07038825750350952, KL divergence=0.09104718267917633, Entropy=2.6540565490722656, training epoch=3, learning_rate=0.0003
Policy training> Surrogate loss=-0.0833442360162735, KL divergence=0.09054689854383469, Entropy=2.650904417037964, training epoch=4, learning_rate=0.0003
Policy training> Surrogate loss=-0.08972616493701935, KL divergence=0.093582883477211, Entropy=2.6473147869110107, training epoch=5, learning_rate=0.0003
Policy training> Surrogate loss=-0.10589921474456787, KL divergence=0.08875822275876999, Entropy=2.6422860622406006, training epoch=6, learning_rate=0.0003
Policy training> Surrogate loss=-0.11191578209400177, KL divergence=0.1016446053981781, Entropy=2.6378214359283447, training epoch=7, learning_rate=0.0003
Policy training> Surrogate loss=-0.11672765761613846, KL divergence=0.10616746544837952, Entropy=2.633181571960449, training epoch=8, learning_rate=0.0003
Policy training> Surrogate loss=-0.11733251065015793, KL divergence=0.11314232647418976, Entropy=2.628166675567627, training epoch=9, learning_rate=0.0003
INFO:tensorflow:./checkpoint_sagemaker/agent/9_Step-11599.ckpt is not in all_model_checkpoint_paths. Manually adding it.
Checkpoint> Saving in path=['./checkpoint_sagemaker/agent/9_Step-11599.ckpt']
[s3] Successfully uploaded .lock to                      s3 bucket aws-deepracer-data-us-east-1-1 with s3 key data-b2bb58d5-8e31-44ac-9bd1-48a4358b0d50/models/802ec0f9-f0c0-4eb7-9087-dcb5ca3826a0/sagemaker-robomaker-artifacts/model/.lock.
Uploaded 3 files for checkpoint 9
[s3] Successfully uploaded coach checkpoint to                   s3 bucket aws-deepracer-data-us-east-1-1 with s3 key data-b2bb58d5-8e31-44ac-9bd1-48a4358b0d50/models/802ec0f9-f0c0-4eb7-9087-dcb5ca3826a0/sagemaker-robomaker-artifacts/model/.coach_checkpoint.
[s3] Successfully downloaded deepracer checkpoint json from                  s3 key data-b2bb58d5-8e31-44ac-9bd1-48a4358b0d50/models/802ec0f9-f0c0-4eb7-9087-dcb5ca3826a0/sagemaker-robomaker-artifacts/model/deepracer_checkpoints.json to local checkpoint_sagemaker/agent/deepracer_checkpoints.json.
[s3] Successfully downloaded deepracer checkpoint json from                  s3 key data-b2bb58d5-8e31-44ac-9bd1-48a4358b0d50/models/802ec0f9-f0c0-4eb7-9087-dcb5ca3826a0/sagemaker-robomaker-artifacts/model/deepracer_checkpoints.json to local checkpoint_sagemaker/agent/deepracer_checkpoints.json.
INFO:tensorflow:Froze 11 variables.
INFO:tensorflow:Converted 11 variables to const ops.
saved intermediate frozen graph: data-b2bb58d5-8e31-44ac-9bd1-48a4358b0d50/models/802ec0f9-f0c0-4eb7-9087-dcb5ca3826a0/sagemaker-robomaker-artifacts/model/model_9.pb
Best checkpoint number: 7, Last checkpoint number: 7
Copying the frozen checkpoint from ./frozen_models/agent/model_7.pb to /opt/ml/model/agent/model.pb.
[s3] Successfully downloaded deepracer checkpoint json from                  s3 key data-b2bb58d5-8e31-44ac-9bd1-48a4358b0d50/models/802ec0f9-f0c0-4eb7-9087-dcb5ca3826a0/sagemaker-robomaker-artifacts/model/deepracer_checkpoints.json to local checkpoint_sagemaker/agent/deepracer_checkpoints.json.
Deleting the frozen models in s3 for the iterations: {'5'}
Training> Name=main_level/agent, Worker=0, Episode=181, Total reward=0, Steps=11765, Training iteration=9
Training> Name=main_level/agent, Worker=0, Episode=182, Total reward=0, Steps=11789, Training iteration=9
Training> Name=main_level/agent, Worker=0, Episode=183, Total reward=0, Steps=11827, Training iteration=9
Training> Name=main_level/agent, Worker=0, Episode=184, Total reward=0, Steps=11866, Training iteration=9
Training> Name=main_level/agent, Worker=0, Episode=185, Total reward=0, Steps=11892, Training iteration=9
Training> Name=main_level/agent, Worker=0, Episode=186, Total reward=0, Steps=12127, Training iteration=9
Training> Name=main_level/agent, Worker=0, Episode=187, Total reward=0, Steps=12342, Training iteration=9
Training> Name=main_level/agent, Worker=0, Episode=188, Total reward=0, Steps=12437, Training iteration=9
Training> Name=main_level/agent, Worker=0, Episode=189, Total reward=0, Steps=12511, Training iteration=9
Training> Name=main_level/agent, Worker=0, Episode=190, Total reward=0, Steps=12719, Training iteration=9
Training> Name=main_level/agent, Worker=0, Episode=191, Total reward=0, Steps=12941, Training iteration=9
Training> Name=main_level/agent, Worker=0, Episode=192, Total reward=0, Steps=13120, Training iteration=9
Training> Name=main_level/agent, Worker=0, Episode=193, Total reward=0, Steps=13271, Training iteration=9
Training> Name=main_level/agent, Worker=0, Episode=194, Total reward=0, Steps=13441, Training iteration=9
Training> Name=main_level/agent, Worker=0, Episode=195, Total reward=0, Steps=13659, Training iteration=9
Training> Name=main_level/agent, Worker=0, Episode=196, Total reward=0, Steps=13724, Training iteration=9
Training> Name=main_level/agent, Worker=0, Episode=197, Total reward=0, Steps=13916, Training iteration=9
Training> Name=main_level/agent, Worker=0, Episode=198, Total reward=0, Steps=14128, Training iteration=9
Training> Name=main_level/agent, Worker=0, Episode=199, Total reward=0, Steps=14227, Training iteration=9
Training> Name=main_level/agent, Worker=0, Episode=200, Total reward=0, Steps=14400, Training iteration=9
Policy training> Surrogate loss=0.032777171581983566, KL divergence=0.05903604254126549, Entropy=2.623321771621704, training epoch=0, learning_rate=0.0003
